<?xml version="1.0" encoding="UTF-8"?>
<testng-results total="1" passed="1" failed="0" skipped="0">
  <reporter-output>
  </reporter-output>
  <suite started-at="2021-11-14T21:01:20Z" name="Surefire suite" finished-at="2021-11-14T21:01:27Z" duration-ms="7073">
    <groups>
    </groups>
    <test started-at="2021-11-14T21:01:20Z" name="Surefire test" finished-at="2021-11-14T21:01:27Z" duration-ms="7073">
      <class name="OpenChromeTest">
        <test-method signature="testChrome()[pri:0, instance:testChrome(OpenChromeTest)]" started-at="2021-11-14T18:01:20Z" name="testChrome" finished-at="2021-11-14T18:01:27Z" duration-ms="6987" status="PASS">
          <reporter-output>
          </reporter-output>
        </test-method> <!-- testChrome -->
      </class> <!-- OpenChromeTest -->
    </test> <!-- Surefire test -->
  </suite> <!-- Surefire suite -->
</testng-results>
